C:\USERS\VINCE\DOCUMENTS\GITHUB\ROBOTSDK\GT_LIB\PROJECT\WIN64_DLL\WIN64_DLL\WIN64_DLL\X64\RELEASE\MAIN.OBJ
C:\USERS\VINCE\DOCUMENTS\GITHUB\ROBOTSDK\GT_LIB\PROJECT\WIN64_DLL\WIN64_DLL\WIN64_DLL\X64\RELEASE\VC110.PDB
C:\USERS\VINCE\DOCUMENTS\GITHUB\ROBOTSDK\GT_LIB\PROJECT\WIN64_DLL\WIN64_DLL\WIN64_DLL\X64\RELEASE\GT_MATH.OBJ
C:\USERS\VINCE\DOCUMENTS\GITHUB\ROBOTSDK\GT_LIB\PROJECT\WIN64_DLL\WIN64_DLL\WIN64_DLL\X64\RELEASE\GT_IMAGE_OCL.OBJ
C:\USERS\VINCE\DOCUMENTS\GITHUB\ROBOTSDK\GT_LIB\PROJECT\WIN64_DLL\WIN64_DLL\WIN64_DLL\X64\RELEASE\GT_IMAGE_MT.OBJ
C:\USERS\VINCE\DOCUMENTS\GITHUB\ROBOTSDK\GT_LIB\PROJECT\WIN64_DLL\WIN64_DLL\WIN64_DLL\X64\RELEASE\GT_UTF8.OBJ
C:\USERS\VINCE\DOCUMENTS\GITHUB\ROBOTSDK\GT_LIB\PROJECT\WIN64_DLL\WIN64_DLL\WIN64_DLL\X64\RELEASE\GT_STRING.OBJ
C:\USERS\VINCE\DOCUMENTS\GITHUB\ROBOTSDK\GT_LIB\PROJECT\WIN64_DLL\WIN64_DLL\X64\RELEASE\WIN64_DLL.DLL
C:\USERS\VINCE\DOCUMENTS\GITHUB\ROBOTSDK\GT_LIB\PROJECT\WIN64_DLL\WIN64_DLL\X64\RELEASE\WIN64_DLL.PDB
C:\Users\vince\Documents\GitHub\RobotSDK\gt_lib\project\win64_dll\win64_dll\x64\Release\win64_dll.lib
C:\Users\vince\Documents\GitHub\RobotSDK\gt_lib\project\win64_dll\win64_dll\x64\Release\win64_dll.exp
C:\Users\vince\Documents\GitHub\RobotSDK\gt_lib\project\win64_dll\win64_dll\win64_dll\x64\Release\gt_image_mt.obj
C:\Users\vince\Documents\GitHub\RobotSDK\gt_lib\project\win64_dll\win64_dll\win64_dll\x64\Release\gt_image_ocl.obj
C:\Users\vince\Documents\GitHub\RobotSDK\gt_lib\project\win64_dll\win64_dll\win64_dll\x64\Release\gt_math.obj
C:\Users\vince\Documents\GitHub\RobotSDK\gt_lib\project\win64_dll\win64_dll\win64_dll\x64\Release\gt_string.obj
C:\Users\vince\Documents\GitHub\RobotSDK\gt_lib\project\win64_dll\win64_dll\win64_dll\x64\Release\gt_utf8.obj
C:\Users\vince\Documents\GitHub\RobotSDK\gt_lib\project\win64_dll\win64_dll\win64_dll\x64\Release\main.obj
C:\Users\vince\Documents\GitHub\RobotSDK\gt_lib\project\win64_dll\win64_dll\win64_dll\x64\Release\cl.command.1.tlog
C:\Users\vince\Documents\GitHub\RobotSDK\gt_lib\project\win64_dll\win64_dll\win64_dll\x64\Release\CL.read.1.tlog
C:\Users\vince\Documents\GitHub\RobotSDK\gt_lib\project\win64_dll\win64_dll\win64_dll\x64\Release\CL.write.1.tlog
C:\Users\vince\Documents\GitHub\RobotSDK\gt_lib\project\win64_dll\win64_dll\win64_dll\x64\Release\link-cvtres.read.1.tlog
C:\Users\vince\Documents\GitHub\RobotSDK\gt_lib\project\win64_dll\win64_dll\win64_dll\x64\Release\link-cvtres.write.1.tlog
C:\Users\vince\Documents\GitHub\RobotSDK\gt_lib\project\win64_dll\win64_dll\win64_dll\x64\Release\link-rc.read.1.tlog
C:\Users\vince\Documents\GitHub\RobotSDK\gt_lib\project\win64_dll\win64_dll\win64_dll\x64\Release\link-rc.write.1.tlog
C:\Users\vince\Documents\GitHub\RobotSDK\gt_lib\project\win64_dll\win64_dll\win64_dll\x64\Release\link.command.1.tlog
C:\Users\vince\Documents\GitHub\RobotSDK\gt_lib\project\win64_dll\win64_dll\win64_dll\x64\Release\link.read.1.tlog
C:\Users\vince\Documents\GitHub\RobotSDK\gt_lib\project\win64_dll\win64_dll\win64_dll\x64\Release\link.write.1.tlog
C:\Users\vince\Documents\GitHub\RobotSDK\gt_lib\project\win64_dll\win64_dll\win64_dll\x64\Release\win64_dll.write.1.tlog
C:\Users\vince\Documents\GitHub\RobotSDK\gt_lib\project\win64_dll\win64_dll\win64_dll\x64\Release\vc110.pdb
C:\Users\vince\Documents\GitHub\RobotSDK\gt_lib\project\win64_dll\win64_dll\x64\Release\win64_dll.pdb
C:\Users\vince\Documents\GitHub\RobotSDK\gt_lib\project\win64_dll\win64_dll\x64\Release\win64_dll.dll
