C:\USERS\VINCE\DOCUMENTS\GITHUB\ROBOTSDK\GT_LIB\PROJECT\WIN64_DLL\WIN64_DLL\WIN64_DLL\DEBUG\MAIN.OBJ
C:\USERS\VINCE\DOCUMENTS\GITHUB\ROBOTSDK\GT_LIB\PROJECT\WIN64_DLL\WIN64_DLL\WIN64_DLL\DEBUG\VC110.PDB
C:\USERS\VINCE\DOCUMENTS\GITHUB\ROBOTSDK\GT_LIB\PROJECT\WIN64_DLL\WIN64_DLL\DEBUG\WIN64_DLL.ILK
C:\USERS\VINCE\DOCUMENTS\GITHUB\ROBOTSDK\GT_LIB\PROJECT\WIN64_DLL\WIN64_DLL\DEBUG\WIN64_DLL.DLL
C:\USERS\VINCE\DOCUMENTS\GITHUB\ROBOTSDK\GT_LIB\PROJECT\WIN64_DLL\WIN64_DLL\DEBUG\WIN64_DLL.PDB
C:\Users\vince\Documents\GitHub\RobotSDK\gt_lib\project\win64_dll\win64_dll\Debug\win64_dll.lib
C:\Users\vince\Documents\GitHub\RobotSDK\gt_lib\project\win64_dll\win64_dll\Debug\win64_dll.exp
C:\Users\vince\Documents\GitHub\RobotSDK\gt_lib\project\win64_dll\win64_dll\win64_dll\Debug\main.obj
C:\Users\vince\Documents\GitHub\RobotSDK\gt_lib\project\win64_dll\win64_dll\win64_dll\Debug\cl.command.1.tlog
C:\Users\vince\Documents\GitHub\RobotSDK\gt_lib\project\win64_dll\win64_dll\win64_dll\Debug\CL.read.1.tlog
C:\Users\vince\Documents\GitHub\RobotSDK\gt_lib\project\win64_dll\win64_dll\win64_dll\Debug\CL.write.1.tlog
C:\Users\vince\Documents\GitHub\RobotSDK\gt_lib\project\win64_dll\win64_dll\win64_dll\Debug\link-cvtres.read.1.tlog
C:\Users\vince\Documents\GitHub\RobotSDK\gt_lib\project\win64_dll\win64_dll\win64_dll\Debug\link-cvtres.write.1.tlog
C:\Users\vince\Documents\GitHub\RobotSDK\gt_lib\project\win64_dll\win64_dll\win64_dll\Debug\link-rc.read.1.tlog
C:\Users\vince\Documents\GitHub\RobotSDK\gt_lib\project\win64_dll\win64_dll\win64_dll\Debug\link-rc.write.1.tlog
C:\Users\vince\Documents\GitHub\RobotSDK\gt_lib\project\win64_dll\win64_dll\win64_dll\Debug\link.command.1.tlog
C:\Users\vince\Documents\GitHub\RobotSDK\gt_lib\project\win64_dll\win64_dll\win64_dll\Debug\link.read.1.tlog
C:\Users\vince\Documents\GitHub\RobotSDK\gt_lib\project\win64_dll\win64_dll\win64_dll\Debug\link.write.1.tlog
C:\Users\vince\Documents\GitHub\RobotSDK\gt_lib\project\win64_dll\win64_dll\win64_dll\Debug\win64_dll.write.1.tlog
C:\Users\vince\Documents\GitHub\RobotSDK\gt_lib\project\win64_dll\win64_dll\win64_dll\Debug\vc110.idb
C:\Users\vince\Documents\GitHub\RobotSDK\gt_lib\project\win64_dll\win64_dll\win64_dll\Debug\vc110.pdb
C:\Users\vince\Documents\GitHub\RobotSDK\gt_lib\project\win64_dll\win64_dll\Debug\win64_dll.pdb
C:\Users\vince\Documents\GitHub\RobotSDK\gt_lib\project\win64_dll\win64_dll\Debug\win64_dll.dll
C:\Users\vince\Documents\GitHub\RobotSDK\gt_lib\project\win64_dll\win64_dll\Debug\win64_dll.ilk
